Arguments: 
  /snap/node/3524/bin/node /snap/node/3524/bin/yarn.js config get registry

PATH: 
  /home/rahim/.npm/_npx/7812/bin:/home/rahim/node_modules/.bin:/usr/local/sbin:/usr/local/bin:/usr/sbin:/usr/bin:/sbin:/bin:/usr/games:/usr/local/games:/snap/bin:/home/rahim/Android/Sdk/emulator:/home/rahim/Android/Sdk/tools:/home/rahim/Android/Sdk/tools/bin:/home/rahim/Android/Sdk/platform-tools

Yarn version: 
  1.22.5

Node version: 
  10.23.1

Platform: 
  linux x64

Trace: 
  Error: ../../package.json: EACCES: permission denied, write
      at writeSync (fs.js:573:3)
      at SyncWriteStream._write (internal/fs/sync_write_stream.js:22:3)
      at doWrite (_stream_writable.js:415:12)
      at writeOrBuffer (_stream_writable.js:399:5)
      at SyncWriteStream.Writable.write (_stream_writable.js:299:11)
      at ConsoleReporter.warn (/snap/node/3524/lib/cli.js:96792:17)
      at warn (/snap/node/3524/lib/cli.js:51521:23)
      at module.exports.exports.default (/snap/node/3524/lib/cli.js:37358:7)
      at /snap/node/3524/lib/cli.js:51532:51
      at Generator.next (<anonymous>)

npm manifest: 
  {
    "name": "test-screen-app",
    "version": "0.1.0",
    "private": true
  }

yarn manifest: 
  No manifest

Lockfile: 
  No lockfile
